<?xml version="1.0" encoding="UTF-8"?>
<testng-results ignored="0" total="1" passed="1" failed="0" skipped="0">
  <reporter-output>
  </reporter-output>
  <suite started-at="2025-05-07T22:09:51 EEST" name="Default suite" finished-at="2025-05-07T22:09:54 EEST" duration-ms="3457">
    <groups>
    </groups>
    <test started-at="2025-05-07T22:09:51 EEST" name="Default test" finished-at="2025-05-07T22:09:54 EEST" duration-ms="3457">
      <class name="tests.ContactUs_happScenario">
        <test-method is-config="true" signature="openBrowser()[pri:0, instance:tests.ContactUs_happScenario@294a6b8e]" started-at="2025-05-07T22:09:51 EEST" name="openBrowser" finished-at="2025-05-07T22:09:53 EEST" duration-ms="2023" status="PASS">
          <reporter-output>
          </reporter-output>
        </test-method> <!-- openBrowser -->
        <test-method signature="testFrames()[pri:0, instance:tests.ContactUs_happScenario@294a6b8e]" started-at="2025-05-07T22:09:53 EEST" name="testFrames" finished-at="2025-05-07T22:09:53 EEST" duration-ms="216" status="PASS">
          <reporter-output>
          </reporter-output>
        </test-method> <!-- testFrames -->
        <test-method is-config="true" signature="closeBrowser()[pri:0, instance:tests.ContactUs_happScenario@294a6b8e]" started-at="2025-05-07T22:09:53 EEST" name="closeBrowser" finished-at="2025-05-07T22:09:54 EEST" duration-ms="1144" status="PASS">
          <reporter-output>
          </reporter-output>
        </test-method> <!-- closeBrowser -->
      </class> <!-- tests.ContactUs_happScenario -->
    </test> <!-- Default test -->
  </suite> <!-- Default suite -->
</testng-results>
