<?xml version="1.0" encoding="UTF-8"?>
<testng-results ignored="0" total="1" passed="1" failed="0" skipped="0">
  <reporter-output>
  </reporter-output>
  <suite started-at="2025-05-11T14:55:51 EEST" name="Default suite" finished-at="2025-05-11T14:57:11 EEST" duration-ms="79366">
    <groups>
    </groups>
    <test started-at="2025-05-11T14:55:51 EEST" name="Default test" finished-at="2025-05-11T14:57:11 EEST" duration-ms="79366">
      <class name="tests.TestCase23_VerifyAddressDetailsincheckoutpage">
        <test-method is-config="true" signature="openBrowser()[pri:0, instance:tests.TestCase23_VerifyAddressDetailsincheckoutpage@7502291e]" started-at="2025-05-11T14:55:51 EEST" name="openBrowser" finished-at="2025-05-11T14:56:11 EEST" duration-ms="19123" status="PASS">
          <reporter-output>
          </reporter-output>
        </test-method> <!-- openBrowser -->
        <test-method signature="SignUp()[pri:0, instance:tests.TestCase23_VerifyAddressDetailsincheckoutpage@7502291e]" started-at="2025-05-11T14:56:11 EEST" name="SignUp" finished-at="2025-05-11T14:56:56 EEST" duration-ms="45141" status="PASS">
          <reporter-output>
          </reporter-output>
        </test-method> <!-- SignUp -->
        <test-method is-config="true" signature="closeBrowser()[pri:0, instance:tests.TestCase23_VerifyAddressDetailsincheckoutpage@7502291e]" started-at="2025-05-11T14:56:56 EEST" name="closeBrowser" finished-at="2025-05-11T14:57:11 EEST" duration-ms="14748" status="PASS">
          <reporter-output>
          </reporter-output>
        </test-method> <!-- closeBrowser -->
      </class> <!-- tests.TestCase23_VerifyAddressDetailsincheckoutpage -->
    </test> <!-- Default test -->
  </suite> <!-- Default suite -->
</testng-results>
